<?xml version="1.0" encoding="UTF-8"?>
<!-- Generated by org.testng.reporters.JUnitReportReporter -->
<testsuite skipped="0" hostname="LAPTOP-OBNQMI5H" name="qaautomation.january2022.AppTest2" tests="2" failures="0" timestamp="22 Feb 2022 14:29:24 GMT" time="26.359" errors="0">
  <testcase name="test1" time="13.099" classname="qaautomation.january2022.AppTest2"/>
  <testcase name="test2" time="13.260" classname="qaautomation.january2022.AppTest2"/>
</testsuite> <!-- qaautomation.january2022.AppTest2 -->
