<?xml version="1.0" encoding="UTF-8"?>
<!-- Generated by org.testng.reporters.JUnitReportReporter -->
<testsuite skipped="0" hostname="LAPTOP-OBNQMI5H" name="qaautomation.january2022.AppTest" tests="3" failures="0" timestamp="22 Feb 2022 14:29:24 GMT" time="91.054" errors="0">
  <testcase name="test2" time="26.480" classname="qaautomation.january2022.AppTest"/>
  <testcase name="test1" time="38.982" classname="qaautomation.january2022.AppTest"/>
  <testcase name="test3" time="25.592" classname="qaautomation.january2022.AppTest"/>
</testsuite> <!-- qaautomation.january2022.AppTest -->
