<?xml version="1.0" encoding="UTF-8"?>
<!-- Generated by org.testng.reporters.JUnitReportReporter -->
<testsuite skipped="0" hostname="LAPTOP-OBNQMI5H" name="qaautomation.january2022.YOPTest" tests="1" failures="0" timestamp="22 Feb 2022 14:56:28 GMT" time="24.729" errors="0">
  <testcase name="test1" time="24.729" classname="qaautomation.january2022.YOPTest"/>
</testsuite> <!-- qaautomation.january2022.YOPTest -->
