<?xml version="1.0" encoding="UTF-8"?>
<!-- Generated by org.testng.reporters.JUnitReportReporter -->
<testsuite skipped="0" hostname="LAPTOP-OBNQMI5H" name="qaautomation.january2022.KolakTest" tests="1" failures="0" timestamp="22 Feb 2022 15:19:52 GMT" time="2.979" errors="0">
  <testcase name="register" time="2.979" classname="qaautomation.january2022.KolakTest"/>
</testsuite> <!-- qaautomation.january2022.KolakTest -->
